<?xml version="1.0" encoding="UTF-8"?>
<!-- Generated by org.testng.reporters.JUnitXMLReporter -->
<testsuite ignored="0" hostname="GUNA-PC" failures="0" tests="4" name="loginTest" time="75.238" errors="0" timestamp="2022-01-01T16:23:02 IST">
  <testcase classname="com.dataDriven.CorrectUserPass" name="loginWithCorrectUser" time="24.743"/>
  <testcase classname="com.dataDriven.correctUser_WrongPass" name="loginWithCorrectUser" time="19.06"/>
  <testcase classname="com.dataDriven.WrongUser_CorrectPass" name="loginWithCorrectUser" time="17.284"/>
  <testcase classname="com.dataDriven.BothWrong" name="loginWithCorrectUser" time="13.97"/>
</testsuite> <!-- loginTest -->
