<?xml version="1.0" encoding="UTF-8"?>
<!-- Generated by org.testng.reporters.JUnitXMLReporter -->
<testsuite ignored="2" hostname="GUNA-PC" failures="0" tests="2" name="Nopackage" time="0.211" errors="0" timestamp="2021-12-29T21:37:31 IST">
  <testcase classname="com.testng1.NormalTestNG" name="Goku" time="0.03"/>
  <testcase classname="com.testng1.NormalTestNG" name="gohan" time="0.01"/>
  <testcase classname="com.testng1.NormalTestNG" name="vegeta" time="0.0">
    <ignored/>
  </testcase> <!-- vegeta -->
  <testcase classname="com.testng1.NormalTestNG" name="piccolo" time="0.0">
    <ignored/>
  </testcase> <!-- piccolo -->
</testsuite> <!-- Nopackage -->
